#
# There is insufficient memory for the Java Runtime Environment to continue.
# Native memory allocation (malloc) failed to allocate 2714832 bytes. Error detail: Chunk::new
# Possible reasons:
#   The system is out of physical RAM or swap space
#   This process is running with CompressedOops enabled, and the Java Heap may be blocking the growth of the native heap
# Possible solutions:
#   Reduce memory load on the system
#   Increase physical memory or swap space
#   Check if swap backing store is full
#   Decrease Java heap size (-Xmx/-Xms)
#   Decrease number of Java threads
#   Decrease Java thread stack sizes (-Xss)
#   Set larger code cache with -XX:ReservedCodeCacheSize=
#   JVM is running with Unscaled Compressed Oops mode in which the Java heap is
#     placed in the first 4GB address space. The Java Heap base address is the
#     maximum limit for the native heap growth. Please use -XX:HeapBaseMinAddress
#     to set the Java Heap base and to place the Java Heap above 4GB virtual address.
# This output file may be truncated or incomplete.
#
#  Out of Memory Error (arena.cpp:162), pid=24748, tid=14624
#
# JRE version: Java(TM) SE Runtime Environment (24.0.1+9) (build 24.0.1+9-30)
# Java VM: Java HotSpot(TM) 64-Bit Server VM (24.0.1+9-30, mixed mode, sharing, tiered, compressed oops, compressed class ptrs, g1 gc, windows-amd64)
# No core dump will be written. Minidumps are not enabled by default on client versions of Windows
#

---------------  S U M M A R Y ------------

Command Line: -Dcom.sun.management.jmxremote -Dcom.sun.management.jmxremote.port=9001 -Dcom.sun.management.jmxremote.authenticate=false -Dcom.sun.management.jmxremote.ssl=false -Djava.rmi.server.hostname=127.0.0.1 dev.anhhoang.QTCSDLHD.QtcsdlhdApplication --spring.application.admin.enabled=true --spring.application.admin.jmx-name=org.springframework.boot:type=Admin,name=SpringApplication

Host: Intel(R) Core(TM) i5-1035G1 CPU @ 1.00GHz, 8 cores, 7G,  Windows 11 , 64 bit Build 26100 (10.0.26100.4202)
Time: Wed Jun 25 22:24:15 2025 SE Asia Standard Time elapsed time: 1869.603328 seconds (0d 0h 31m 9s)

---------------  T H R E A D  ---------------

Current thread (0x000001a2cc621430):  JavaThread "C2 CompilerThread0" daemon [_thread_in_native, id=14624, stack(0x000000088d400000,0x000000088d500000) (1024K)]


Current CompileTask:
C2:1869603 8974       4       sun.security.ec.ECOperations$Secp256R1GeneratorMontgomeryMultiplier::pointMultiply (232 bytes)

Stack: [0x000000088d400000,0x000000088d500000]
Native frames: (J=compiled Java code, j=interpreted, Vv=VM code, C=native code)
V  [jvm.dll+0x730739]  (no source info available)
V  [jvm.dll+0x8d9b23]  (no source info available)
V  [jvm.dll+0x8dc00d]  (no source info available)
V  [jvm.dll+0x8dc683]  (no source info available)
V  [jvm.dll+0x2aa086]  (no source info available)
V  [jvm.dll+0xcedef]  (no source info available)
V  [jvm.dll+0xcf04f]  (no source info available)
V  [jvm.dll+0x154d83]  (no source info available)
V  [jvm.dll+0x735f5f]  (no source info available)
V  [jvm.dll+0x26fa1c]  (no source info available)
V  [jvm.dll+0x26ea3f]  (no source info available)
V  [jvm.dll+0x1e9d60]  (no source info available)
V  [jvm.dll+0x27e1fb]  (no source info available)
V  [jvm.dll+0x27c49a]  (no source info available)
V  [jvm.dll+0x42f456]  (no source info available)
V  [jvm.dll+0x87d76b]  (no source info available)
V  [jvm.dll+0x72ee55]  (no source info available)
C  [ucrtbase.dll+0x37b0]  (no source info available)
C  [KERNEL32.DLL+0x2e8d7]  (no source info available)
C  [ntdll.dll+0x3c34c]  (no source info available)

Lock stack of current Java thread (top to bottom):


---------------  P R O C E S S  ---------------

Threads class SMR info:
_java_thread_list=0x000001a315f95000, length=37, elements={
0x000001a2cc60a590, 0x000001a2cc60ba40, 0x000001a2cc6104b0, 0x000001a2cc611680,
0x000001a2cc6135b0, 0x000001a2cc616d50, 0x000001a2cc621430, 0x000001a2cc647f10,
0x000001a2cc87ac30, 0x000001a2cc87b370, 0x000001a31295bd10, 0x000001a312798da0,
0x000001a312795b10, 0x000001a312418160, 0x000001a3129935d0, 0x000001a315bde1b0,
0x000001a315bdc470, 0x000001a315bdf050, 0x000001a315bdda60, 0x000001a315bdcbc0,
0x000001a315bdfef0, 0x000001a315be0640, 0x000001a315be3220, 0x000001a315be0d90,
0x000001a315be3970, 0x000001a315be1c30, 0x000001a315be14e0, 0x000001a315be2380,
0x000001a315be2ad0, 0x000001a312993d20, 0x000001a3129909f0, 0x000001a3164f71a0,
0x000001a3164f8040, 0x000001a3164f9630, 0x000001a3164f8790, 0x000001a3164f78f0,
0x000001a3164f8ee0
}

Java Threads: ( => current thread )
  0x000001a2cc60a590 JavaThread "Reference Handler"          daemon [_thread_blocked, id=26108, stack(0x000000088ce00000,0x000000088cf00000) (1024K)]
  0x000001a2cc60ba40 JavaThread "Finalizer"                  daemon [_thread_blocked, id=4248, stack(0x000000088cf00000,0x000000088d000000) (1024K)]
  0x000001a2cc6104b0 JavaThread "Signal Dispatcher"          daemon [_thread_blocked, id=23764, stack(0x000000088d000000,0x000000088d100000) (1024K)]
  0x000001a2cc611680 JavaThread "Attach Listener"            daemon [_thread_blocked, id=18876, stack(0x000000088d100000,0x000000088d200000) (1024K)]
  0x000001a2cc6135b0 JavaThread "Service Thread"             daemon [_thread_blocked, id=23312, stack(0x000000088d200000,0x000000088d300000) (1024K)]
  0x000001a2cc616d50 JavaThread "Monitor Deflation Thread"   daemon [_thread_blocked, id=19676, stack(0x000000088d300000,0x000000088d400000) (1024K)]
=>0x000001a2cc621430 JavaThread "C2 CompilerThread0"         daemon [_thread_in_native, id=14624, stack(0x000000088d400000,0x000000088d500000) (1024K)]
  0x000001a2cc647f10 JavaThread "C1 CompilerThread0"         daemon [_thread_blocked, id=24240, stack(0x000000088d500000,0x000000088d600000) (1024K)]
  0x000001a2cc87ac30 JavaThread "Notification Thread"        daemon [_thread_blocked, id=5296, stack(0x000000088d700000,0x000000088d800000) (1024K)]
  0x000001a2cc87b370 JavaThread "Common-Cleaner"             daemon [_thread_blocked, id=26596, stack(0x000000088d800000,0x000000088d900000) (1024K)]
  0x000001a31295bd10 JavaThread "RMI TCP Accept-0"           daemon [_thread_in_native, id=18800, stack(0x000000088d900000,0x000000088da00000) (1024K)]
  0x000001a312798da0 JavaThread "RMI TCP Accept-9001"        daemon [_thread_in_native, id=26592, stack(0x000000088d600000,0x000000088d700000) (1024K)]
  0x000001a312795b10 JavaThread "RMI TCP Accept-0"           daemon [_thread_in_native, id=26164, stack(0x000000088da00000,0x000000088db00000) (1024K)]
  0x000001a312418160 JavaThread "RMI Scheduler(0)"           daemon [_thread_blocked, id=26136, stack(0x000000088dc00000,0x000000088dd00000) (1024K)]
  0x000001a3129935d0 JavaThread "Jndi-Dns-address-change-listener" daemon [_thread_in_native, id=2808, stack(0x000000088e900000,0x000000088ea00000) (1024K)]
  0x000001a315bde1b0 JavaThread "BufferPoolPruner-1-thread-1" daemon [_thread_blocked, id=25384, stack(0x000000088ec00000,0x000000088ed00000) (1024K)]
  0x000001a315bdc470 JavaThread "cluster-ClusterId{value='685c0d5c04a9a80ad3274c2c', description='null'}-ac-y9qmk7t-shard-00-00.hj8oh4n.mongodb.net:27017" daemon [_thread_blocked, id=8308, stack(0x000000088ee00000,0x000000088ef00000) (1024K)]
  0x000001a315bdf050 JavaThread "cluster-ClusterId{value='685c0d5c04a9a80ad3274c2c', description='null'}-ac-y9qmk7t-shard-00-01.hj8oh4n.mongodb.net:27017" daemon [_thread_blocked, id=7720, stack(0x000000088ef00000,0x000000088f000000) (1024K)]
  0x000001a315bdda60 JavaThread "cluster-ClusterId{value='685c0d5c04a9a80ad3274c2c', description='null'}-ac-y9qmk7t-shard-00-02.hj8oh4n.mongodb.net:27017" daemon [_thread_blocked, id=10472, stack(0x000000088f000000,0x000000088f100000) (1024K)]
  0x000001a315bdcbc0 JavaThread "Catalina-utility-1"                [_thread_blocked, id=4452, stack(0x000000088f200000,0x000000088f300000) (1024K)]
  0x000001a315bdfef0 JavaThread "Catalina-utility-2"                [_thread_blocked, id=23888, stack(0x000000088f300000,0x000000088f400000) (1024K)]
  0x000001a315be0640 JavaThread "container-0"                       [_thread_blocked, id=12976, stack(0x000000088f400000,0x000000088f500000) (1024K)]
  0x000001a315be3220 JavaThread "Live Reload Server"         daemon [_thread_in_native, id=24552, stack(0x000000088f600000,0x000000088f700000) (1024K)]
  0x000001a315be0d90 JavaThread "File Watcher"               daemon [_thread_blocked, id=23924, stack(0x000000088f500000,0x000000088f600000) (1024K)]
  0x000001a315be3970 JavaThread "http-nio-8080-exec-1"       daemon [_thread_blocked, id=18804, stack(0x000000088f700000,0x000000088f800000) (1024K)]
  0x000001a315be1c30 JavaThread "http-nio-8080-exec-2"       daemon [_thread_blocked, id=24788, stack(0x000000088f800000,0x000000088f900000) (1024K)]
  0x000001a315be14e0 JavaThread "http-nio-8080-exec-3"       daemon [_thread_blocked, id=4656, stack(0x000000088f900000,0x000000088fa00000) (1024K)]
  0x000001a315be2380 JavaThread "http-nio-8080-exec-4"       daemon [_thread_blocked, id=19204, stack(0x000000088fa00000,0x000000088fb00000) (1024K)]
  0x000001a315be2ad0 JavaThread "http-nio-8080-exec-5"       daemon [_thread_blocked, id=5952, stack(0x000000088fb00000,0x000000088fc00000) (1024K)]
  0x000001a312993d20 JavaThread "http-nio-8080-exec-6"       daemon [_thread_blocked, id=18148, stack(0x000000088fc00000,0x000000088fd00000) (1024K)]
  0x000001a3129909f0 JavaThread "http-nio-8080-exec-7"       daemon [_thread_blocked, id=21188, stack(0x000000088fd00000,0x000000088fe00000) (1024K)]
  0x000001a3164f71a0 JavaThread "http-nio-8080-exec-8"       daemon [_thread_blocked, id=24972, stack(0x000000088fe00000,0x000000088ff00000) (1024K)]
  0x000001a3164f8040 JavaThread "http-nio-8080-exec-9"       daemon [_thread_blocked, id=3404, stack(0x000000088ff00000,0x0000000890000000) (1024K)]
  0x000001a3164f9630 JavaThread "http-nio-8080-exec-10"      daemon [_thread_blocked, id=940, stack(0x0000000890000000,0x0000000890100000) (1024K)]
  0x000001a3164f8790 JavaThread "http-nio-8080-Poller"       daemon [_thread_in_native, id=24724, stack(0x0000000890100000,0x0000000890200000) (1024K)]
  0x000001a3164f78f0 JavaThread "http-nio-8080-Acceptor"     daemon [_thread_in_native, id=18732, stack(0x0000000890200000,0x0000000890300000) (1024K)]
  0x000001a3164f8ee0 JavaThread "DestroyJavaVM"                     [_thread_blocked, id=19844, stack(0x000000088c600000,0x000000088c700000) (1024K)]
Total: 37

Other Threads:
  0x000001a2cc5f7ca0 VMThread "VM Thread"                           [id=22444, stack(0x000000088cd00000,0x000000088ce00000) (1024K)]
  0x000001a2cc4b35b0 WatcherThread "VM Periodic Task Thread"        [id=17436, stack(0x000000088cc00000,0x000000088cd00000) (1024K)]
  0x000001a2af953100 WorkerThread "GC Thread#0"                     [id=20692, stack(0x000000088c700000,0x000000088c800000) (1024K)]
  0x000001a312ac7e20 WorkerThread "GC Thread#1"                     [id=560, stack(0x000000088e200000,0x000000088e300000) (1024K)]
  0x000001a312cdf440 WorkerThread "GC Thread#2"                     [id=17868, stack(0x000000088e300000,0x000000088e400000) (1024K)]
  0x000001a312cdf7f0 WorkerThread "GC Thread#3"                     [id=13804, stack(0x000000088e400000,0x000000088e500000) (1024K)]
  0x000001a312d9a500 WorkerThread "GC Thread#4"                     [id=26068, stack(0x000000088e500000,0x000000088e600000) (1024K)]
  0x000001a312d9a8b0 WorkerThread "GC Thread#5"                     [id=14988, stack(0x000000088e600000,0x000000088e700000) (1024K)]
  0x000001a312de9540 WorkerThread "GC Thread#6"                     [id=12188, stack(0x000000088e700000,0x000000088e800000) (1024K)]
  0x000001a312e0b740 WorkerThread "GC Thread#7"                     [id=12676, stack(0x000000088ea00000,0x000000088eb00000) (1024K)]
  0x000001a2af9680f0 ConcurrentGCThread "G1 Main Marker"            [id=24612, stack(0x000000088c800000,0x000000088c900000) (1024K)]
  0x000001a2af968c00 WorkerThread "G1 Conc#0"                       [id=22076, stack(0x000000088c900000,0x000000088ca00000) (1024K)]
  0x000001a312e0a4d0 WorkerThread "G1 Conc#1"                       [id=23804, stack(0x000000088eb00000,0x000000088ec00000) (1024K)]
  0x000001a2af9ae5d0 ConcurrentGCThread "G1 Refine#0"               [id=17248, stack(0x000000088ca00000,0x000000088cb00000) (1024K)]
  0x000001a2cc4a43e0 ConcurrentGCThread "G1 Service"                [id=25652, stack(0x000000088cb00000,0x000000088cc00000) (1024K)]
Total: 15

Threads with active compile tasks:
C2 CompilerThread0  1869803 8974       4       sun.security.ec.ECOperations$Secp256R1GeneratorMontgomeryMultiplier::pointMultiply (232 bytes)
Total: 1

VM state: not at safepoint (normal execution)

VM Mutex/Monitor currently owned by a thread: None

Heap address: 0x0000000083600000, size: 1994 MB, Compressed Oops mode: 32-bit

CDS archive(s) mapped at: [0x000001a2cd000000-0x000001a2cdd40000-0x000001a2cdd40000), size 13893632, SharedBaseAddress: 0x000001a2cd000000, ArchiveRelocationMode: 1.
Compressed class space mapped at: 0x000001a2ce000000-0x000001a30e000000, reserved size: 1073741824
UseCompressedClassPointers 1, UseCompactObjectHeaders 0
Narrow klass pointer bits 32, Max shift 3
Narrow klass base: 0x000001a2cd000000, Narrow klass shift: 0
Encoding Range: [0x000001a2cd000000 - 0x000001a3cd000000), (4294967296 bytes)
Klass Range:    [0x000001a2cd000000 - 0x000001a30e000000), (1090519040 bytes)
Klass ID Range:  [8 - 1090519033) (1090519025)

GC Precious Log:
 CardTable entry size: 512
 Card Set container configuration: InlinePtr #cards 5 size 8 Array Of Cards #cards 10 size 36 Howl #buckets 4 coarsen threshold 1843 Howl Bitmap #cards 512 size 80 coarsen threshold 460 Card regions per heap region 1 cards per card region 2048
 CPUs: 8 total, 8 available
 Memory: 7969M
 Large Page Support: Disabled
 NUMA Support: Disabled
 Compressed Oops: Enabled (32-bit)
 Heap Region Size: 1M
 Heap Min Capacity: 8M
 Heap Initial Capacity: 126M
 Heap Max Capacity: 1994M
 Pre-touch: Disabled
 Parallel Workers: 8
 Concurrent Workers: 2
 Concurrent Refinement Workers: 8
 Periodic GC: Disabled

Heap:
 garbage-first heap   total reserved 2041856K, committed 61440K, used 34405K [0x0000000083600000, 0x0000000100000000)
  region size 1024K, 3 young (3072K), 1 survivors (1024K)
 Metaspace       used 61193K, committed 61760K, reserved 1114112K
  class space    used 6729K, committed 6976K, reserved 1048576K

Heap Regions: E=young(eden), S=young(survivor), O=old, HS=humongous(starts), HC=humongous(continues), CS=collection set, F=free, TAMS=top-at-mark-start, PB=parsable bottom
|   0|0x0000000083600000, 0x0000000083700000, 0x0000000083700000|100%| O|  |TAMS 0x0000000083600000| PB 0x0000000083600000| Untracked |  0
|   1|0x0000000083700000, 0x0000000083800000, 0x0000000083800000|100%| O|  |TAMS 0x0000000083700000| PB 0x0000000083700000| Untracked |  0
|   2|0x0000000083800000, 0x0000000083900000, 0x0000000083900000|100%| O|  |TAMS 0x0000000083800000| PB 0x0000000083800000| Untracked |  0
|   3|0x0000000083900000, 0x0000000083a00000, 0x0000000083a00000|100%| O|  |TAMS 0x0000000083900000| PB 0x0000000083900000| Untracked |  0
|   4|0x0000000083a00000, 0x0000000083b00000, 0x0000000083b00000|100%| O|  |TAMS 0x0000000083a00000| PB 0x0000000083a00000| Untracked |  0
|   5|0x0000000083b00000, 0x0000000083c00000, 0x0000000083c00000|100%| O|  |TAMS 0x0000000083b00000| PB 0x0000000083b00000| Untracked |  0
|   6|0x0000000083c00000, 0x0000000083d00000, 0x0000000083d00000|100%| O|  |TAMS 0x0000000083c00000| PB 0x0000000083c00000| Untracked |  0
|   7|0x0000000083d00000, 0x0000000083e00000, 0x0000000083e00000|100%| O|  |TAMS 0x0000000083d00000| PB 0x0000000083d00000| Untracked |  0
|   8|0x0000000083e00000, 0x0000000083f00000, 0x0000000083f00000|100%| O|  |TAMS 0x0000000083e00000| PB 0x0000000083e00000| Untracked |  0
|   9|0x0000000083f00000, 0x0000000084000000, 0x0000000084000000|100%| O|  |TAMS 0x0000000083f00000| PB 0x0000000083f00000| Untracked |  0
|  10|0x0000000084000000, 0x0000000084100000, 0x0000000084100000|100%| O|  |TAMS 0x0000000084000000| PB 0x0000000084000000| Untracked |  0
|  11|0x0000000084100000, 0x0000000084200000, 0x0000000084200000|100%| O|  |TAMS 0x0000000084100000| PB 0x0000000084100000| Untracked |  0
|  12|0x0000000084200000, 0x0000000084300000, 0x0000000084300000|100%| O|  |TAMS 0x0000000084200000| PB 0x0000000084200000| Untracked |  0
|  13|0x0000000084300000, 0x0000000084400000, 0x0000000084400000|100%| O|  |TAMS 0x0000000084300000| PB 0x0000000084300000| Untracked |  0
|  14|0x0000000084400000, 0x0000000084500000, 0x0000000084500000|100%| O|  |TAMS 0x0000000084400000| PB 0x0000000084400000| Untracked |  0
|  15|0x0000000084500000, 0x0000000084600000, 0x0000000084600000|100%| O|  |TAMS 0x0000000084500000| PB 0x0000000084500000| Untracked |  0
|  16|0x0000000084600000, 0x0000000084700000, 0x0000000084700000|100%| O|  |TAMS 0x0000000084600000| PB 0x0000000084600000| Untracked |  0
|  17|0x0000000084700000, 0x0000000084800000, 0x0000000084800000|100%| O|  |TAMS 0x0000000084700000| PB 0x0000000084700000| Untracked |  0
|  18|0x0000000084800000, 0x0000000084900000, 0x0000000084900000|100%| O|  |TAMS 0x0000000084800000| PB 0x0000000084800000| Untracked |  0
|  19|0x0000000084900000, 0x0000000084a00000, 0x0000000084a00000|100%| O|  |TAMS 0x0000000084900000| PB 0x0000000084900000| Untracked |  0
|  20|0x0000000084a00000, 0x0000000084b00000, 0x0000000084b00000|100%| O|  |TAMS 0x0000000084a00000| PB 0x0000000084a00000| Untracked |  0
|  21|0x0000000084b00000, 0x0000000084c00000, 0x0000000084c00000|100%| O|  |TAMS 0x0000000084b00000| PB 0x0000000084b00000| Untracked |  0
|  22|0x0000000084c00000, 0x0000000084c5ee70, 0x0000000084d00000| 37%| O|  |TAMS 0x0000000084c00000| PB 0x0000000084c00000| Untracked |  0
|  23|0x0000000084d00000, 0x0000000084e00000, 0x0000000084e00000|100%| O|  |TAMS 0x0000000084d00000| PB 0x0000000084d00000| Untracked |  0
|  24|0x0000000084e00000, 0x0000000084e00000, 0x0000000084f00000|  0%| F|  |TAMS 0x0000000084e00000| PB 0x0000000084e00000| Untracked |  0
|  25|0x0000000084f00000, 0x0000000084f00000, 0x0000000085000000|  0%| F|  |TAMS 0x0000000084f00000| PB 0x0000000084f00000| Untracked |  0
|  26|0x0000000085000000, 0x0000000085100000, 0x0000000085100000|100%| O|  |TAMS 0x0000000085000000| PB 0x0000000085000000| Untracked |  0
|  27|0x0000000085100000, 0x0000000085100000, 0x0000000085200000|  0%| F|  |TAMS 0x0000000085100000| PB 0x0000000085100000| Untracked |  0
|  28|0x0000000085200000, 0x0000000085300000, 0x0000000085300000|100%| O|  |TAMS 0x0000000085200000| PB 0x0000000085200000| Untracked |  0
|  29|0x0000000085300000, 0x0000000085400000, 0x0000000085400000|100%| O|  |TAMS 0x0000000085300000| PB 0x0000000085300000| Untracked |  0
|  30|0x0000000085400000, 0x0000000085500000, 0x0000000085500000|100%| O|  |TAMS 0x0000000085400000| PB 0x0000000085400000| Untracked |  0
|  31|0x0000000085500000, 0x000000008553a7b8, 0x0000000085600000| 22%| S|CS|TAMS 0x0000000085500000| PB 0x0000000085500000| Complete |  0
|  32|0x0000000085600000, 0x0000000085700000, 0x0000000085700000|100%| O|  |TAMS 0x0000000085600000| PB 0x0000000085600000| Untracked |  0
|  33|0x0000000085700000, 0x0000000085800000, 0x0000000085800000|100%| O|  |TAMS 0x0000000085700000| PB 0x0000000085700000| Untracked |  0
|  34|0x0000000085800000, 0x0000000085900000, 0x0000000085900000|100%| O|  |TAMS 0x0000000085800000| PB 0x0000000085800000| Untracked |  0
|  35|0x0000000085900000, 0x0000000085a00000, 0x0000000085a00000|100%| O|  |TAMS 0x0000000085900000| PB 0x0000000085900000| Untracked |  0
|  36|0x0000000085a00000, 0x0000000085a00000, 0x0000000085b00000|  0%| F|  |TAMS 0x0000000085a00000| PB 0x0000000085a00000| Untracked |  0
|  37|0x0000000085b00000, 0x0000000085b00000, 0x0000000085c00000|  0%| F|  |TAMS 0x0000000085b00000| PB 0x0000000085b00000| Untracked |  0
|  38|0x0000000085c00000, 0x0000000085c00000, 0x0000000085d00000|  0%| F|  |TAMS 0x0000000085c00000| PB 0x0000000085c00000| Untracked |  0
|  39|0x0000000085d00000, 0x0000000085d00000, 0x0000000085e00000|  0%| F|  |TAMS 0x0000000085d00000| PB 0x0000000085d00000| Untracked |  0
|  40|0x0000000085e00000, 0x0000000085e00000, 0x0000000085f00000|  0%| F|  |TAMS 0x0000000085e00000| PB 0x0000000085e00000| Untracked |  0
|  41|0x0000000085f00000, 0x0000000085f00000, 0x0000000086000000|  0%| F|  |TAMS 0x0000000085f00000| PB 0x0000000085f00000| Untracked |  0
|  42|0x0000000086000000, 0x0000000086000000, 0x0000000086100000|  0%| F|  |TAMS 0x0000000086000000| PB 0x0000000086000000| Untracked |  0
|  43|0x0000000086100000, 0x0000000086100000, 0x0000000086200000|  0%| F|  |TAMS 0x0000000086100000| PB 0x0000000086100000| Untracked |  0
|  44|0x0000000086200000, 0x0000000086200000, 0x0000000086300000|  0%| F|  |TAMS 0x0000000086200000| PB 0x0000000086200000| Untracked |  0
|  45|0x0000000086300000, 0x0000000086300000, 0x0000000086400000|  0%| F|  |TAMS 0x0000000086300000| PB 0x0000000086300000| Untracked |  0
|  46|0x0000000086400000, 0x0000000086400000, 0x0000000086500000|  0%| F|  |TAMS 0x0000000086400000| PB 0x0000000086400000| Untracked |  0
|  47|0x0000000086500000, 0x0000000086500000, 0x0000000086600000|  0%| F|  |TAMS 0x0000000086500000| PB 0x0000000086500000| Untracked |  0
|  48|0x0000000086600000, 0x0000000086600000, 0x0000000086700000|  0%| F|  |TAMS 0x0000000086600000| PB 0x0000000086600000| Untracked |  0
|  49|0x0000000086700000, 0x0000000086700000, 0x0000000086800000|  0%| F|  |TAMS 0x0000000086700000| PB 0x0000000086700000| Untracked |  0
|  50|0x0000000086800000, 0x0000000086800000, 0x0000000086900000|  0%| F|  |TAMS 0x0000000086800000| PB 0x0000000086800000| Untracked |  0
|  51|0x0000000086900000, 0x0000000086900000, 0x0000000086a00000|  0%| F|  |TAMS 0x0000000086900000| PB 0x0000000086900000| Untracked |  0
|  52|0x0000000086a00000, 0x0000000086a00000, 0x0000000086b00000|  0%| F|  |TAMS 0x0000000086a00000| PB 0x0000000086a00000| Untracked |  0
|  53|0x0000000086b00000, 0x0000000086b00000, 0x0000000086c00000|  0%| F|  |TAMS 0x0000000086b00000| PB 0x0000000086b00000| Untracked |  0
|  86|0x0000000088c00000, 0x0000000088c00000, 0x0000000088d00000|  0%| F|  |TAMS 0x0000000088c00000| PB 0x0000000088c00000| Untracked |  0
|  87|0x0000000088d00000, 0x0000000088d00000, 0x0000000088e00000|  0%| F|  |TAMS 0x0000000088d00000| PB 0x0000000088d00000| Untracked |  0
|  88|0x0000000088e00000, 0x0000000088e00000, 0x0000000088f00000|  0%| F|  |TAMS 0x0000000088e00000| PB 0x0000000088e00000| Untracked |  0
| 125|0x000000008b300000, 0x000000008b3a87b8, 0x000000008b400000| 65%| E|  |TAMS 0x000000008b300000| PB 0x000000008b300000| Complete |  0
|1992|0x00000000ffe00000, 0x00000000fff00000, 0x00000000fff00000|100%| O|  |TAMS 0x00000000ffe00000| PB 0x00000000ffe00000| Untracked |  0
|1993|0x00000000fff00000, 0x0000000100000000, 0x0000000100000000|100%| E|CS|TAMS 0x00000000fff00000| PB 0x00000000fff00000| Complete |  0

Card table byte_map: [0x000001a2c78b0000,0x000001a2c7ca0000] _byte_map_base: 0x000001a2c7495000

Marking Bits: (CMBitMap*) 0x000001a2af953810
 Bits: [0x000001a2c7ca0000, 0x000001a2c9bc8000)

Polling page: 0x000001a2ad730000

Metaspace:

Usage:
  Non-class:     53.19 MB used.
      Class:      6.57 MB used.
       Both:     59.76 MB used.

Virtual space:
  Non-class space:       64.00 MB reserved,      53.50 MB ( 84%) committed,  1 nodes.
      Class space:        1.00 GB reserved,       6.81 MB ( <1%) committed,  1 nodes.
             Both:        1.06 GB reserved,      60.31 MB (  6%) committed. 

Chunk freelists:
   Non-Class:  10.02 MB
       Class:  9.11 MB
        Both:  19.12 MB

MaxMetaspaceSize: unlimited
CompressedClassSpaceSize: 1.00 GB
Initial GC threshold: 21.00 MB
Current GC threshold: 95.94 MB
CDS: on
 - commit_granule_bytes: 65536.
 - commit_granule_words: 8192.
 - virtual_space_node_default_size: 8388608.
 - enlarge_chunks_in_place: 1.
UseCompressedClassPointers 1, UseCompactObjectHeaders 0
Narrow klass pointer bits 32, Max shift 3
Narrow klass base: 0x000001a2cd000000, Narrow klass shift: 0
Encoding Range: [0x000001a2cd000000 - 0x000001a3cd000000), (4294967296 bytes)
Klass Range:    [0x000001a2cd000000 - 0x000001a30e000000), (1090519040 bytes)
Klass ID Range:  [8 - 1090519033) (1090519025)


Internal statistics:

num_allocs_failed_limit: 6.
num_arena_births: 686.
num_arena_deaths: 8.
num_vsnodes_births: 2.
num_vsnodes_deaths: 0.
num_space_committed: 965.
num_space_uncommitted: 0.
num_chunks_returned_to_freelist: 17.
num_chunks_taken_from_freelist: 2684.
num_chunk_merges: 8.
num_chunk_splits: 1876.
num_chunks_enlarged: 1464.
num_inconsistent_stats: 0.

CodeHeap 'non-profiled nmethods': size=120064Kb used=3478Kb max_used=3577Kb free=116585Kb
 bounds [0x000001a2bfc50000, 0x000001a2bffe0000, 0x000001a2c7190000]
CodeHeap 'profiled nmethods': size=120000Kb used=10621Kb max_used=11482Kb free=109378Kb
 bounds [0x000001a2b8190000, 0x000001a2b8ce0000, 0x000001a2bf6c0000]
CodeHeap 'non-nmethods': size=5696Kb used=1757Kb max_used=1846Kb free=3939Kb
 bounds [0x000001a2bf6c0000, 0x000001a2bf930000, 0x000001a2bfc50000]
CodeCache: size=245760Kb, used=15856Kb, max_used=16905Kb, free=229902Kb
 total_blobs=6789, nmethods=6057, adapters=636, full_count=0
Compilation: enabled, stopped_count=0, restarted_count=0

Compilation events (20 events):
Event: 1859.521 Thread 0x000001a2cc621430 nmethod 8964 0x000001a2bfe38888 code [0x000001a2bfe38b00, 0x000001a2bfe396f8]
Event: 1859.891 Thread 0x000001a2cc621430 8965       4       com.mongodb.connection.ServerDescription::isPrimary (53 bytes)
Event: 1859.892 Thread 0x000001a2cc621430 nmethod 8965 0x000001a2bfe85e88 code [0x000001a2bfe85f80, 0x000001a2bfe86018]
Event: 1863.160 Thread 0x000001a2cc621430 8966       4       com.mongodb.internal.connection.ClusterDescriptionHelper::getServersByPredicate (63 bytes)
Event: 1863.172 Thread 0x000001a2cc621430 nmethod 8966 0x000001a2bfcf5f08 code [0x000001a2bfcf6080, 0x000001a2bfcf6568]
Event: 1863.454 Thread 0x000001a2cc621430 8967       4       java.lang.Long::valueOf (40 bytes)
Event: 1863.457 Thread 0x000001a2cc621430 nmethod 8967 0x000001a2bfee5588 code [0x000001a2bfee56a0, 0x000001a2bfee57b8]
Event: 1863.528 Thread 0x000001a2cc647f10 8968       3       sun.security.util.DerValue::clear (17 bytes)
Event: 1863.528 Thread 0x000001a2cc647f10 nmethod 8968 0x000001a2b88a8e88 code [0x000001a2b88a8fa0, 0x000001a2b88a90f0]
Event: 1863.958 Thread 0x000001a2cc647f10 8969       3       java.util.concurrent.atomic.Striped64$Cell::cas (10 bytes)
Event: 1863.959 Thread 0x000001a2cc647f10 nmethod 8969 0x000001a2b8446088 code [0x000001a2b8446220, 0x000001a2b8446a50]
Event: 1864.773 Thread 0x000001a2cc621430 8970       4       sun.security.util.math.intpoly.IntegerPolynomial::encodeSmall (231 bytes)
Event: 1864.820 Thread 0x000001a2cc621430 nmethod 8970 0x000001a2bfcc2808 code [0x000001a2bfcc2940, 0x000001a2bfcc3120]
Event: 1864.921 Thread 0x000001a2cc621430 8971 %     4       sun.security.ssl.SSLExtensions::send @ 28 (84 bytes)
Event: 1864.977 Thread 0x000001a2cc621430 nmethod 8971% 0x000001a2bfcfb088 code [0x000001a2bfcfb2c0, 0x000001a2bfcfd0b8]
Event: 1866.984 Thread 0x000001a2cc621430 8972       4       org.bson.BsonBinaryWriter$Context::getParentContext (5 bytes)
Event: 1866.986 Thread 0x000001a2cc621430 nmethod 8972 0x000001a2bfee5288 code [0x000001a2bfee5380, 0x000001a2bfee5428]
Event: 1867.175 Thread 0x000001a2cc621430 8973       4       sun.security.jca.GetInstance::getInstance (28 bytes)
Event: 1867.179 Thread 0x000001a2cc621430 nmethod 8973 0x000001a2bfd5b588 code [0x000001a2bfd5b6a0, 0x000001a2bfd5b900]
Event: 1867.442 Thread 0x000001a2cc621430 8974       4       sun.security.ec.ECOperations$Secp256R1GeneratorMontgomeryMultiplier::pointMultiply (232 bytes)

GC Heap History (20 events):
Event: 301.419 GC heap before
{Heap before GC invocations=24 (full 0):
 garbage-first heap   total reserved 2041856K, committed 61440K, used 55136K [0x0000000083600000, 0x0000000100000000)
  region size 1024K, 23 young (23552K), 2 survivors (2048K)
 Metaspace       used 58101K, committed 58688K, reserved 1114112K
  class space    used 6416K, committed 6656K, reserved 1048576K
}
Event: 301.421 GC heap after
{Heap after GC invocations=25 (full 0):
 garbage-first heap   total reserved 2041856K, committed 61440K, used 33579K [0x0000000083600000, 0x0000000100000000)
  region size 1024K, 2 young (2048K), 2 survivors (2048K)
 Metaspace       used 58101K, committed 58688K, reserved 1114112K
  class space    used 6416K, committed 6656K, reserved 1048576K
}
Event: 518.724 GC heap before
{Heap before GC invocations=26 (full 0):
 garbage-first heap   total reserved 2041856K, committed 61440K, used 55083K [0x0000000083600000, 0x0000000100000000)
  region size 1024K, 23 young (23552K), 2 survivors (2048K)
 Metaspace       used 58205K, committed 58752K, reserved 1114112K
  class space    used 6416K, committed 6656K, reserved 1048576K
}
Event: 518.727 GC heap after
{Heap after GC invocations=27 (full 0):
 garbage-first heap   total reserved 2041856K, committed 61440K, used 33570K [0x0000000083600000, 0x0000000100000000)
  region size 1024K, 2 young (2048K), 2 survivors (2048K)
 Metaspace       used 58205K, committed 58752K, reserved 1114112K
  class space    used 6416K, committed 6656K, reserved 1048576K
}
Event: 741.101 GC heap before
{Heap before GC invocations=27 (full 0):
 garbage-first heap   total reserved 2041856K, committed 61440K, used 55074K [0x0000000083600000, 0x0000000100000000)
  region size 1024K, 23 young (23552K), 2 survivors (2048K)
 Metaspace       used 58276K, committed 58816K, reserved 1114112K
  class space    used 6416K, committed 6656K, reserved 1048576K
}
Event: 741.246 GC heap after
{Heap after GC invocations=28 (full 0):
 garbage-first heap   total reserved 2041856K, committed 61440K, used 32945K [0x0000000083600000, 0x0000000100000000)
  region size 1024K, 1 young (1024K), 1 survivors (1024K)
 Metaspace       used 58276K, committed 58816K, reserved 1114112K
  class space    used 6416K, committed 6656K, reserved 1048576K
}
Event: 984.349 GC heap before
{Heap before GC invocations=28 (full 0):
 garbage-first heap   total reserved 2041856K, committed 61440K, used 56497K [0x0000000083600000, 0x0000000100000000)
  region size 1024K, 24 young (24576K), 1 survivors (1024K)
 Metaspace       used 58378K, committed 58944K, reserved 1114112K
  class space    used 6416K, committed 6656K, reserved 1048576K
}
Event: 984.431 GC heap after
{Heap after GC invocations=29 (full 0):
 garbage-first heap   total reserved 2041856K, committed 61440K, used 33008K [0x0000000083600000, 0x0000000100000000)
  region size 1024K, 2 young (2048K), 2 survivors (2048K)
 Metaspace       used 58378K, committed 58944K, reserved 1114112K
  class space    used 6416K, committed 6656K, reserved 1048576K
}
Event: 1209.447 GC heap before
{Heap before GC invocations=30 (full 0):
 garbage-first heap   total reserved 2041856K, committed 61440K, used 54512K [0x0000000083600000, 0x0000000100000000)
  region size 1024K, 23 young (23552K), 2 survivors (2048K)
 Metaspace       used 58399K, committed 58944K, reserved 1114112K
  class space    used 6416K, committed 6656K, reserved 1048576K
}
Event: 1209.566 GC heap after
{Heap after GC invocations=31 (full 0):
 garbage-first heap   total reserved 2041856K, committed 61440K, used 32986K [0x0000000083600000, 0x0000000100000000)
  region size 1024K, 1 young (1024K), 1 survivors (1024K)
 Metaspace       used 58399K, committed 58944K, reserved 1114112K
  class space    used 6416K, committed 6656K, reserved 1048576K
}
Event: 1452.815 GC heap before
{Heap before GC invocations=31 (full 0):
 garbage-first heap   total reserved 2041856K, committed 61440K, used 56538K [0x0000000083600000, 0x0000000100000000)
  region size 1024K, 24 young (24576K), 1 survivors (1024K)
 Metaspace       used 58517K, committed 59008K, reserved 1114112K
  class space    used 6416K, committed 6656K, reserved 1048576K
}
Event: 1453.378 GC heap after
{Heap after GC invocations=32 (full 0):
 garbage-first heap   total reserved 2041856K, committed 61440K, used 32476K [0x0000000083600000, 0x0000000100000000)
  region size 1024K, 1 young (1024K), 1 survivors (1024K)
 Metaspace       used 58517K, committed 59008K, reserved 1114112K
  class space    used 6416K, committed 6656K, reserved 1048576K
}
Event: 1712.021 GC heap before
{Heap before GC invocations=32 (full 0):
 garbage-first heap   total reserved 2041856K, committed 61440K, used 57052K [0x0000000083600000, 0x0000000100000000)
  region size 1024K, 25 young (25600K), 1 survivors (1024K)
 Metaspace       used 58517K, committed 59008K, reserved 1114112K
  class space    used 6416K, committed 6656K, reserved 1048576K
}
Event: 1712.100 GC heap after
{Heap after GC invocations=33 (full 0):
 garbage-first heap   total reserved 2041856K, committed 61440K, used 32458K [0x0000000083600000, 0x0000000100000000)
  region size 1024K, 1 young (1024K), 1 survivors (1024K)
 Metaspace       used 58517K, committed 59008K, reserved 1114112K
  class space    used 6416K, committed 6656K, reserved 1048576K
}
Event: 1828.820 GC heap before
{Heap before GC invocations=34 (full 0):
 garbage-first heap   total reserved 2041856K, committed 61440K, used 56010K [0x0000000083600000, 0x0000000100000000)
  region size 1024K, 25 young (25600K), 1 survivors (1024K)
 Metaspace       used 60908K, committed 61440K, reserved 1114112K
  class space    used 6700K, committed 6912K, reserved 1048576K
}
Event: 1828.839 GC heap after
{Heap after GC invocations=35 (full 0):
 garbage-first heap   total reserved 2041856K, committed 61440K, used 33807K [0x0000000083600000, 0x0000000100000000)
  region size 1024K, 3 young (3072K), 3 survivors (3072K)
 Metaspace       used 60908K, committed 61440K, reserved 1114112K
  class space    used 6700K, committed 6912K, reserved 1048576K
}
Event: 1828.891 GC heap before
{Heap before GC invocations=35 (full 0):
 garbage-first heap   total reserved 2041856K, committed 61440K, used 34831K [0x0000000083600000, 0x0000000100000000)
  region size 1024K, 4 young (4096K), 3 survivors (3072K)
 Metaspace       used 60954K, committed 61440K, reserved 1114112K
  class space    used 6712K, committed 6912K, reserved 1048576K
}
Event: 1828.914 GC heap after
{Heap after GC invocations=36 (full 0):
 garbage-first heap   total reserved 2041856K, committed 61440K, used 33615K [0x0000000083600000, 0x0000000100000000)
  region size 1024K, 1 young (1024K), 1 survivors (1024K)
 Metaspace       used 60954K, committed 61440K, reserved 1114112K
  class space    used 6712K, committed 6912K, reserved 1048576K
}
Event: 1866.565 GC heap before
{Heap before GC invocations=36 (full 0):
 garbage-first heap   total reserved 2041856K, committed 61440K, used 55119K [0x0000000083600000, 0x0000000100000000)
  region size 1024K, 23 young (23552K), 1 survivors (1024K)
 Metaspace       used 61193K, committed 61760K, reserved 1114112K
  class space    used 6729K, committed 6976K, reserved 1048576K
}
Event: 1866.570 GC heap after
{Heap after GC invocations=37 (full 0):
 garbage-first heap   total reserved 2041856K, committed 61440K, used 33381K [0x0000000083600000, 0x0000000100000000)
  region size 1024K, 1 young (1024K), 1 survivors (1024K)
 Metaspace       used 61193K, committed 61760K, reserved 1114112K
  class space    used 6729K, committed 6976K, reserved 1048576K
}

Dll operation events (10 events):
Event: 0.029 Loaded shared library C:\Program Files\Java\jdk-24\bin\java.dll
Event: 0.096 Loaded shared library C:\Program Files\Java\jdk-24\bin\jsvml.dll
Event: 0.371 Loaded shared library C:\Program Files\Java\jdk-24\bin\jimage.dll
Event: 0.384 Loaded shared library C:\Program Files\Java\jdk-24\bin\net.dll
Event: 0.389 Loaded shared library C:\Program Files\Java\jdk-24\bin\nio.dll
Event: 0.402 Loaded shared library C:\Program Files\Java\jdk-24\bin\zip.dll
Event: 0.604 Loaded shared library C:\Program Files\Java\jdk-24\bin\management.dll
Event: 0.653 Loaded shared library C:\Program Files\Java\jdk-24\bin\management_ext.dll
Event: 1.355 Loaded shared library C:\Program Files\Java\jdk-24\bin\extnet.dll
Event: 5.049 Loaded shared library C:\Program Files\Java\jdk-24\bin\sunmscapi.dll

Deoptimization events (20 events):
Event: 1828.718 Thread 0x000001a312993d20 Uncommon trap: trap_request=0xffffff4d fr.pc=0x000001a2bfe6d404 relative=0x00000000000000e4
Event: 1828.718 Thread 0x000001a312993d20 Uncommon trap: reason=unstable_if action=reinterpret pc=0x000001a2bfe6d404 method=java.lang.Class.annotationData()Ljava/lang/Class$AnnotationData; @ 36 c2
Event: 1828.718 Thread 0x000001a312993d20 DEOPT PACKING pc=0x000001a2bfe6d404 sp=0x000000088fcfc8d0
Event: 1828.719 Thread 0x000001a312993d20 DEOPT UNPACKING pc=0x000001a2bf7e6d02 sp=0x000000088fcfc860 mode 2
Event: 1828.719 Thread 0x000001a3129909f0 Uncommon trap: trap_request=0xffffff4d fr.pc=0x000001a2bfe6d404 relative=0x00000000000000e4
Event: 1828.719 Thread 0x000001a3129909f0 Uncommon trap: reason=unstable_if action=reinterpret pc=0x000001a2bfe6d404 method=java.lang.Class.annotationData()Ljava/lang/Class$AnnotationData; @ 36 c2
Event: 1828.719 Thread 0x000001a3129909f0 DEOPT PACKING pc=0x000001a2bfe6d404 sp=0x000000088fdfc3e0
Event: 1828.719 Thread 0x000001a3129909f0 DEOPT UNPACKING pc=0x000001a2bf7e6d02 sp=0x000000088fdfc370 mode 2
Event: 1828.808 Thread 0x000001a315be2ad0 Uncommon trap: trap_request=0xffffff4d fr.pc=0x000001a2bff1b768 relative=0x0000000000000bc8
Event: 1828.808 Thread 0x000001a3129909f0 Uncommon trap: trap_request=0xffffff4d fr.pc=0x000001a2bff1b768 relative=0x0000000000000bc8
Event: 1828.808 Thread 0x000001a315be2ad0 Uncommon trap: reason=unstable_if action=reinterpret pc=0x000001a2bff1b768 method=java.util.concurrent.ConcurrentHashMap.putVal(Ljava/lang/Object;Ljava/lang/Object;Z)Ljava/lang/Object; @ 112 c2
Event: 1828.808 Thread 0x000001a3129909f0 Uncommon trap: reason=unstable_if action=reinterpret pc=0x000001a2bff1b768 method=java.util.concurrent.ConcurrentHashMap.putVal(Ljava/lang/Object;Ljava/lang/Object;Z)Ljava/lang/Object; @ 112 c2
Event: 1828.808 Thread 0x000001a315be2ad0 DEOPT PACKING pc=0x000001a2bff1b768 sp=0x000000088fbfdcc0
Event: 1828.808 Thread 0x000001a3129909f0 DEOPT PACKING pc=0x000001a2bff1b768 sp=0x000000088fdfddc0
Event: 1828.808 Thread 0x000001a3129909f0 DEOPT UNPACKING pc=0x000001a2bf7e6d02 sp=0x000000088fdfdd40 mode 2
Event: 1828.808 Thread 0x000001a315be2ad0 DEOPT UNPACKING pc=0x000001a2bf7e6d02 sp=0x000000088fbfdc40 mode 2
Event: 1863.528 Thread 0x000001a315bdda60 DEOPT PACKING pc=0x000001a2b81a72b0 sp=0x000000088f0fdbd0
Event: 1863.528 Thread 0x000001a315bdda60 DEOPT UNPACKING pc=0x000001a2bf716642 sp=0x000000088f0fd028 mode 0
Event: 1867.442 Thread 0x000001a315bdc470 DEOPT PACKING pc=0x000001a2b8c31455 sp=0x000000088eefd9e0
Event: 1867.442 Thread 0x000001a315bdc470 DEOPT UNPACKING pc=0x000001a2bf716642 sp=0x000000088eefcf00 mode 0

Classes loaded (20 events):
Event: 1828.383 Loading class java/util/concurrent/RecursiveTask done
Event: 1828.383 Loading class java/math/BigInteger$RecursiveOp done
Event: 1828.387 Loading class java/math/BigInteger$RecursiveOp$RecursiveSquare
Event: 1828.387 Loading class java/math/BigInteger$RecursiveOp$RecursiveSquare done
Event: 1828.407 Loading class java/util/TreeMap$KeySpliterator
Event: 1828.410 Loading class java/util/TreeMap$KeySpliterator done
Event: 1828.750 Loading class java/security/InvalidKeyException
Event: 1828.753 Loading class java/security/KeyException
Event: 1828.755 Loading class java/security/KeyException done
Event: 1828.755 Loading class java/security/InvalidKeyException done
Event: 1828.761 Loading class javax/crypto/Mac
Event: 1828.763 Loading class javax/crypto/Mac done
Event: 1828.766 Loading class com/sun/crypto/provider/HmacCore$HmacSHA256
Event: 1828.767 Loading class com/sun/crypto/provider/HmacCore
Event: 1828.771 Loading class javax/crypto/MacSpi
Event: 1828.772 Loading class javax/crypto/MacSpi done
Event: 1828.772 Loading class com/sun/crypto/provider/HmacCore done
Event: 1828.772 Loading class com/sun/crypto/provider/HmacCore$HmacSHA256 done
Event: 1828.880 Loading class java/util/concurrent/locks/AbstractQueuedSynchronizer$SharedNode
Event: 1828.882 Loading class java/util/concurrent/locks/AbstractQueuedSynchronizer$SharedNode done

Classes unloaded (4 events):
Event: 13.902 Thread 0x000001a2cc5f7ca0 Unloading class 0x000001a2ce4b9400 'java/lang/invoke/LambdaForm$DMH+0x000001a2ce4b9400'
Event: 13.902 Thread 0x000001a2cc5f7ca0 Unloading class 0x000001a2ce4b9000 'java/lang/invoke/LambdaForm$DMH+0x000001a2ce4b9000'
Event: 13.902 Thread 0x000001a2cc5f7ca0 Unloading class 0x000001a2ce4b8800 'java/lang/invoke/LambdaForm$DMH+0x000001a2ce4b8800'
Event: 13.902 Thread 0x000001a2cc5f7ca0 Unloading class 0x000001a2ce4b8000 'java/lang/invoke/LambdaForm$DMH+0x000001a2ce4b8000'

Classes redefined (0 events):
No events

Internal exceptions (20 events):
Event: 93.586 Thread 0x000001a3164f78f0 Exception <a 'java/lang/NoSuchMethodError'{0x00000000861fa708}: 'java.lang.Object java.lang.invoke.DirectMethodHandle$Holder.invokeStatic(java.lang.Object, java.lang.Object, java.lang.Object, int, int)'> (0x00000000861fa708) 
thrown [s\open\src\hotspot\share\interpreter\linkResolver.cpp, line 805]
Event: 93.587 Thread 0x000001a3164f78f0 Exception <a 'java/lang/NoSuchMethodError'{0x00000000860028e8}: 'java.lang.Object java.lang.invoke.DirectMethodHandle$Holder.invokeStaticInit(java.lang.Object, java.lang.Object, java.lang.Object, int, int)'> (0x00000000860028e8) 
thrown [s\open\src\hotspot\share\interpreter\linkResolver.cpp, line 805]
Event: 93.646 Thread 0x000001a315be1c30 Exception <a 'java/lang/NoSuchMethodError'{0x00000000860f1220}: 'java.lang.Object java.lang.invoke.DirectMethodHandle$Holder.invokeSpecial(java.lang.Object, java.lang.Object, java.lang.Object, java.lang.Object, java.lang.Object, long)'> (0x00000000860f1220) 
thrown [s\open\src\hotspot\share\interpreter\linkResolver.cpp, line 805]
Event: 93.647 Thread 0x000001a315be1c30 Exception <a 'java/lang/NoSuchMethodError'{0x00000000860f9d90}: 'java.lang.Object java.lang.invoke.DirectMethodHandle$Holder.invokeSpecial(java.lang.Object, java.lang.Object, java.lang.Object, java.lang.Object, java.lang.Object, java.lang.Object, long)'> (0x00000000860f9d90) 
thrown [s\open\src\hotspot\share\interpreter\linkResolver.cpp, line 805]
Event: 93.647 Thread 0x000001a315be1c30 Exception <a 'java/lang/NoSuchMethodError'{0x0000000085f02350}: 'java.lang.Object java.lang.invoke.DelegatingMethodHandle$Holder.reinvoke_L(java.lang.Object, java.lang.Object, java.lang.Object, java.lang.Object, java.lang.Object, long)'> (0x0000000085f02350) 
thrown [s\open\src\hotspot\share\interpreter\linkResolver.cpp, line 805]
Event: 93.648 Thread 0x000001a315be1c30 Exception <a 'java/lang/NoSuchMethodError'{0x0000000085f12710}: 'java.lang.Object java.lang.invoke.Invokers$Holder.linkToTargetMethod(java.lang.Object, java.lang.Object, java.lang.Object, long, java.lang.Object)'> (0x0000000085f12710) 
thrown [s\open\src\hotspot\share\interpreter\linkResolver.cpp, line 805]
Event: 102.242 Thread 0x000001a315be3970 Exception <a 'java/lang/ArrayIndexOutOfBoundsException'{0x000000008b3752b8}: Index -1 out of bounds for length 128> (0x000000008b3752b8) 
thrown [s\open\src\hotspot\share\interpreter\interpreterRuntime.cpp, line 422]
Event: 102.245 Thread 0x000001a315be3970 Exception <a 'java/lang/NoSuchMethodError'{0x000000008b386c08}: 'java.lang.Object java.lang.invoke.DirectMethodHandle$Holder.invokeStatic(java.lang.Object, int, int)'> (0x000000008b386c08) 
thrown [s\open\src\hotspot\share\interpreter\linkResolver.cpp, line 805]
Event: 104.918 Thread 0x000001a315be14e0 Exception <a 'java/lang/ArrayIndexOutOfBoundsException'{0x0000000088e2b148}: Index -1 out of bounds for length 128> (0x0000000088e2b148) 
thrown [s\open\src\hotspot\share\interpreter\interpreterRuntime.cpp, line 422]
Event: 104.969 Thread 0x000001a312993d20 Exception <a 'java/lang/ArrayIndexOutOfBoundsException'{0x0000000088e45f78}: Index -1 out of bounds for length 128> (0x0000000088e45f78) 
thrown [s\open\src\hotspot\share\interpreter\interpreterRuntime.cpp, line 422]
Event: 1828.470 Thread 0x000001a312993d20 Implicit null exception at 0x000001a2bffb84d1 to 0x000001a2bffb85c8
Event: 1828.563 Thread 0x000001a312993d20 Implicit null exception at 0x000001a2bffb81d1 to 0x000001a2bffb82c0
Event: 1828.771 Thread 0x000001a3164f8040 Exception <a 'java/lang/NoSuchMethodError'{0x0000000085aec510}: 'java.lang.Object java.lang.invoke.DirectMethodHandle$Holder.invokeStatic(java.lang.Object, java.lang.Object, long)'> (0x0000000085aec510) 
thrown [s\open\src\hotspot\share\interpreter\linkResolver.cpp, line 805]
Event: 1828.772 Thread 0x000001a315be1c30 Exception <a 'java/lang/NoSuchMethodError'{0x0000000085ae2fd8}: 'java.lang.Object java.lang.invoke.DirectMethodHandle$Holder.invokeStatic(java.lang.Object, java.lang.Object, long)'> (0x0000000085ae2fd8) 
thrown [s\open\src\hotspot\share\interpreter\linkResolver.cpp, line 805]
Event: 1828.796 Thread 0x000001a315be1c30 Exception <a 'java/lang/IncompatibleClassChangeError'{0x00000000859787c8}: Found class java.lang.Object, but interface was expected> (0x00000000859787c8) 
thrown [s\open\src\hotspot\share\interpreter\linkResolver.cpp, line 872]
Event: 1828.796 Thread 0x000001a3164f8040 Exception <a 'java/lang/IncompatibleClassChangeError'{0x000000008596a740}: Found class java.lang.Object, but interface was expected> (0x000000008596a740) 
thrown [s\open\src\hotspot\share\interpreter\linkResolver.cpp, line 872]
Event: 1828.798 Thread 0x000001a315be1c30 Exception <a 'java/lang/IncompatibleClassChangeError'{0x00000000859810c0}: Found class java.lang.Object, but interface was expected> (0x00000000859810c0) 
thrown [s\open\src\hotspot\share\interpreter\linkResolver.cpp, line 872]
Event: 1828.798 Thread 0x000001a3164f8040 Exception <a 'java/lang/IncompatibleClassChangeError'{0x0000000085972e28}: Found class java.lang.Object, but interface was expected> (0x0000000085972e28) 
thrown [s\open\src\hotspot\share\interpreter\linkResolver.cpp, line 872]
Event: 1828.799 Thread 0x000001a315be1c30 Exception <a 'java/lang/IncompatibleClassChangeError'{0x00000000859a8138}: Found class java.lang.Object, but interface was expected> (0x00000000859a8138) 
thrown [s\open\src\hotspot\share\interpreter\linkResolver.cpp, line 872]
Event: 1828.799 Thread 0x000001a3164f8040 Exception <a 'java/lang/IncompatibleClassChangeError'{0x000000008599abc8}: Found class java.lang.Object, but interface was expected> (0x000000008599abc8) 
thrown [s\open\src\hotspot\share\interpreter\linkResolver.cpp, line 872]

VM Operations (20 events):
Event: 1828.351 Executing VM operation: HandshakeAllThreads (Deoptimize)
Event: 1828.352 Executing VM operation: HandshakeAllThreads (Deoptimize) done
Event: 1828.547 Executing VM operation: HandshakeAllThreads (Deoptimize)
Event: 1828.548 Executing VM operation: HandshakeAllThreads (Deoptimize) done
Event: 1828.562 Executing VM operation: HandshakeAllThreads (Deoptimize)
Event: 1828.562 Executing VM operation: HandshakeAllThreads (Deoptimize) done
Event: 1828.750 Executing VM operation: HandshakeAllThreads (Deoptimize)
Event: 1828.750 Executing VM operation: HandshakeAllThreads (Deoptimize) done
Event: 1828.819 Executing VM operation: G1CollectForAllocation (G1 Evacuation Pause)
Event: 1828.839 Executing VM operation: G1CollectForAllocation (G1 Evacuation Pause) done
Event: 1828.890 Executing VM operation: G1CollectForAllocation (G1 Evacuation Pause)
Event: 1828.914 Executing VM operation: G1CollectForAllocation (G1 Evacuation Pause) done
Event: 1858.814 Executing VM operation: HandshakeAllThreads (Deoptimize)
Event: 1858.814 Executing VM operation: HandshakeAllThreads (Deoptimize) done
Event: 1864.765 Executing VM operation: HandshakeAllThreads (HandshakeForDeflation)
Event: 1864.765 Executing VM operation: HandshakeAllThreads (HandshakeForDeflation) done
Event: 1864.765 Executing VM operation: RendezvousGCThreads
Event: 1864.765 Executing VM operation: RendezvousGCThreads done
Event: 1866.565 Executing VM operation: G1CollectForAllocation (G1 Evacuation Pause)
Event: 1866.570 Executing VM operation: G1CollectForAllocation (G1 Evacuation Pause) done

Memory protections (0 events):
No events

Nmethod flushes (20 events):
Event: 1712.562 Thread 0x000001a2cc5f7ca0 flushing  nmethod 0x000001a2b8707788
Event: 1712.562 Thread 0x000001a2cc5f7ca0 flushing  nmethod 0x000001a2b8708f88
Event: 1712.562 Thread 0x000001a2cc5f7ca0 flushing  nmethod 0x000001a2b89f9708
Event: 1712.562 Thread 0x000001a2cc5f7ca0 flushing  nmethod 0x000001a2b8a64c08
Event: 1712.562 Thread 0x000001a2cc5f7ca0 flushing  nmethod 0x000001a2b8b59088
Event: 1712.562 Thread 0x000001a2cc5f7ca0 flushing  nmethod 0x000001a2b81a9a08
Event: 1712.562 Thread 0x000001a2cc5f7ca0 flushing  nmethod 0x000001a2b81f1d08
Event: 1712.563 Thread 0x000001a2cc5f7ca0 flushing  nmethod 0x000001a2b82c0888
Event: 1712.563 Thread 0x000001a2cc5f7ca0 flushing  nmethod 0x000001a2b8351d88
Event: 1712.563 Thread 0x000001a2cc5f7ca0 flushing  nmethod 0x000001a2b846ed88
Event: 1712.563 Thread 0x000001a2cc5f7ca0 flushing  nmethod 0x000001a2b8535108
Event: 1712.563 Thread 0x000001a2cc5f7ca0 flushing  nmethod 0x000001a2b87ed788
Event: 1712.563 Thread 0x000001a2cc5f7ca0 flushing  nmethod 0x000001a2b8bb8488
Event: 1712.563 Thread 0x000001a2cc5f7ca0 flushing  nmethod 0x000001a2b8bc6e88
Event: 1712.563 Thread 0x000001a2cc5f7ca0 flushing  nmethod 0x000001a2b8bc7188
Event: 1712.563 Thread 0x000001a2cc5f7ca0 flushing  nmethod 0x000001a2b81c2008
Event: 1712.563 Thread 0x000001a2cc5f7ca0 flushing  nmethod 0x000001a2b8b3e288
Event: 1712.563 Thread 0x000001a2cc5f7ca0 flushing  nmethod 0x000001a2b8b3e908
Event: 1712.563 Thread 0x000001a2cc5f7ca0 flushing  nmethod 0x000001a2b8b40308
Event: 1712.563 Thread 0x000001a2cc5f7ca0 flushing  nmethod 0x000001a2b8b72e08

Events (20 events):
Event: 16.202 Thread 0x000001a312991fe0 Thread added: 0x000001a3164f8040
Event: 16.202 Thread 0x000001a312991fe0 Thread added: 0x000001a3164f9630
Event: 16.212 Thread 0x000001a312991fe0 Thread added: 0x000001a3164f8790
Event: 16.216 Thread 0x000001a312991fe0 Thread added: 0x000001a3164f78f0
Event: 16.255 Thread 0x000001a312991fe0 Thread exited: 0x000001a312991fe0
Event: 16.262 Thread 0x000001a312991890 Thread exited: 0x000001a312991890
Event: 16.263 Thread 0x000001a2af8ef330 Thread exited: 0x000001a2af8ef330
Event: 16.263 Thread 0x000001a3164f8ee0 Thread added: 0x000001a3164f8ee0
Event: 16.440 Thread 0x000001a313e7a9b0 Thread exited: 0x000001a313e7a9b0
Event: 16.440 Thread 0x000001a313e774c0 Thread exited: 0x000001a313e774c0
Event: 16.441 Thread 0x000001a3128497b0 Thread exited: 0x000001a3128497b0
Event: 32.799 Thread 0x000001a2cc621430 Thread added: 0x000001a313e774c0
Event: 33.108 Thread 0x000001a313e774c0 Thread exited: 0x000001a313e774c0
Event: 71.530 Thread 0x000001a315bde900 Thread exited: 0x000001a315bde900
Event: 76.478 Thread 0x000001a31281c630 Thread exited: 0x000001a31281c630
Event: 76.478 Thread 0x000001a3127e1d00 Thread exited: 0x000001a3127e1d00
Event: 93.769 Thread 0x000001a2cc621430 Thread added: 0x000001a313e7a9b0
Event: 94.219 Thread 0x000001a313e7a9b0 Thread exited: 0x000001a313e7a9b0
Event: 1828.412 Thread 0x000001a2cc647f10 Thread added: 0x000001a313e77c50
Event: 1829.568 Thread 0x000001a313e77c50 Thread exited: 0x000001a313e77c50


Dynamic libraries:
0x00007ff645050000 - 0x00007ff645060000 	C:\Program Files\Java\jdk-24\bin\java.exe
0x00007fffb7080000 - 0x00007fffb72e5000 	C:\WINDOWS\SYSTEM32\ntdll.dll
0x00007fffb6490000 - 0x00007fffb6559000 	C:\WINDOWS\System32\KERNEL32.DLL
0x00007fffb43e0000 - 0x00007fffb47c8000 	C:\WINDOWS\System32\KERNELBASE.dll
0x00007fffb4950000 - 0x00007fffb4a9b000 	C:\WINDOWS\System32\ucrtbase.dll
0x00007fff92100000 - 0x00007fff92116000 	C:\Program Files\Java\jdk-24\bin\jli.dll
0x00007fffb4f30000 - 0x00007fffb50fa000 	C:\WINDOWS\System32\USER32.dll
0x00007fff8b7b0000 - 0x00007fff8b7cb000 	C:\Program Files\Java\jdk-24\bin\VCRUNTIME140.dll
0x00007fffb4df0000 - 0x00007fffb4e17000 	C:\WINDOWS\System32\win32u.dll
0x00007fffb5110000 - 0x00007fffb513b000 	C:\WINDOWS\System32\GDI32.dll
0x00007fff9c190000 - 0x00007fff9c42a000 	C:\WINDOWS\WinSxS\amd64_microsoft.windows.common-controls_6595b64144ccf1df_6.0.26100.4202_none_3e0698d4e335f517\COMCTL32.dll
0x00007fffb4aa0000 - 0x00007fffb4bd7000 	C:\WINDOWS\System32\gdi32full.dll
0x00007fffb63e0000 - 0x00007fffb6489000 	C:\WINDOWS\System32\msvcrt.dll
0x00007fffb4330000 - 0x00007fffb43d3000 	C:\WINDOWS\System32\msvcp_win.dll
0x00007fffb5140000 - 0x00007fffb5170000 	C:\WINDOWS\System32\IMM32.DLL
0x00007fffaf110000 - 0x00007fffaf11c000 	C:\Program Files\Java\jdk-24\bin\vcruntime140_1.dll
0x00007fff08cb0000 - 0x00007fff08d3e000 	C:\Program Files\Java\jdk-24\bin\msvcp140.dll
0x00007ffee6760000 - 0x00007ffee7502000 	C:\Program Files\Java\jdk-24\bin\server\jvm.dll
0x00007fffb5e70000 - 0x00007fffb5f23000 	C:\WINDOWS\System32\ADVAPI32.dll
0x00007fffb5dc0000 - 0x00007fffb5e66000 	C:\WINDOWS\System32\sechost.dll
0x00007fffb6ac0000 - 0x00007fffb6bd5000 	C:\WINDOWS\System32\RPCRT4.dll
0x00007fffb6fc0000 - 0x00007fffb7034000 	C:\WINDOWS\System32\WS2_32.dll
0x00007fffa1070000 - 0x00007fffa10a5000 	C:\WINDOWS\SYSTEM32\WINMM.dll
0x00007fffac950000 - 0x00007fffac95b000 	C:\WINDOWS\SYSTEM32\VERSION.dll
0x00007fffb3e80000 - 0x00007fffb3ede000 	C:\WINDOWS\SYSTEM32\POWRPROF.dll
0x00007fffb3e60000 - 0x00007fffb3e74000 	C:\WINDOWS\SYSTEM32\UMPDC.dll
0x00007fffb2f10000 - 0x00007fffb2f2b000 	C:\WINDOWS\SYSTEM32\kernel.appcore.dll
0x00007fff922d0000 - 0x00007fff922da000 	C:\Program Files\Java\jdk-24\bin\jimage.dll
0x00007fffa7260000 - 0x00007fffa74a1000 	C:\WINDOWS\SYSTEM32\DBGHELP.DLL
0x00007fffb6560000 - 0x00007fffb68e5000 	C:\WINDOWS\System32\combase.dll
0x00007fffb5180000 - 0x00007fffb5261000 	C:\WINDOWS\System32\OLEAUT32.dll
0x00007fffa7220000 - 0x00007fffa7259000 	C:\WINDOWS\SYSTEM32\dbgcore.DLL
0x00007fffb41d0000 - 0x00007fffb4269000 	C:\WINDOWS\System32\bcryptPrimitives.dll
0x00007fff8b430000 - 0x00007fff8b44e000 	C:\Program Files\Java\jdk-24\bin\java.dll
0x00007fffb5350000 - 0x00007fffb54ee000 	C:\WINDOWS\System32\ole32.dll
0x00007fffb5500000 - 0x00007fffb5c42000 	C:\WINDOWS\System32\SHELL32.dll
0x00007fffb47d0000 - 0x00007fffb4944000 	C:\WINDOWS\System32\wintypes.dll
0x00007fffb1e10000 - 0x00007fffb2668000 	C:\WINDOWS\SYSTEM32\windows.storage.dll
0x00007fffb6990000 - 0x00007fffb6a81000 	C:\WINDOWS\System32\SHCORE.dll
0x00007fffb6dc0000 - 0x00007fffb6e2a000 	C:\WINDOWS\System32\shlwapi.dll
0x00007fffb40e0000 - 0x00007fffb410f000 	C:\WINDOWS\SYSTEM32\profapi.dll
0x00007ffeedf30000 - 0x00007ffeee007000 	C:\Program Files\Java\jdk-24\bin\jsvml.dll
0x00007fff920f0000 - 0x00007fff92100000 	C:\Program Files\Java\jdk-24\bin\net.dll
0x00007fffb3500000 - 0x00007fffb356a000 	C:\WINDOWS\system32\mswsock.dll
0x00007fff8b410000 - 0x00007fff8b426000 	C:\Program Files\Java\jdk-24\bin\nio.dll
0x00007fff7eb90000 - 0x00007fff7eba7000 	C:\Program Files\Java\jdk-24\bin\zip.dll
0x00007fff90fc0000 - 0x00007fff90fca000 	C:\Program Files\Java\jdk-24\bin\management.dll
0x00007fff8e840000 - 0x00007fff8e84b000 	C:\Program Files\Java\jdk-24\bin\management_ext.dll
0x00007fffb4e20000 - 0x00007fffb4e28000 	C:\WINDOWS\System32\PSAPI.DLL
0x00007fff91390000 - 0x00007fff913a8000 	C:\WINDOWS\system32\napinsp.dll
0x00007fffb29b0000 - 0x00007fffb2ad7000 	C:\WINDOWS\SYSTEM32\DNSAPI.dll
0x00007fffb2970000 - 0x00007fffb29a3000 	C:\WINDOWS\SYSTEM32\IPHLPAPI.DLL
0x00007fffb5100000 - 0x00007fffb510a000 	C:\WINDOWS\System32\NSI.dll
0x00007fff91370000 - 0x00007fff91382000 	C:\WINDOWS\System32\winrnr.dll
0x00007fff91330000 - 0x00007fff91360000 	C:\WINDOWS\system32\nlansp_c.dll
0x00007fff91300000 - 0x00007fff91320000 	C:\WINDOWS\system32\wshbth.dll
0x00007fffa1790000 - 0x00007fffa179b000 	C:\Windows\System32\rasadhlp.dll
0x00007fffac720000 - 0x00007fffac7a6000 	C:\WINDOWS\System32\fwpuclnt.dll
0x00007fffb37b0000 - 0x00007fffb37cb000 	C:\WINDOWS\SYSTEM32\CRYPTSP.dll
0x00007fffb2ed0000 - 0x00007fffb2f0a000 	C:\WINDOWS\system32\rsaenh.dll
0x00007fffb35a0000 - 0x00007fffb35cb000 	C:\WINDOWS\SYSTEM32\USERENV.dll
0x00007fffb40b0000 - 0x00007fffb40d6000 	C:\WINDOWS\SYSTEM32\bcrypt.dll
0x00007fffb37d0000 - 0x00007fffb37dc000 	C:\WINDOWS\SYSTEM32\CRYPTBASE.dll
0x00007fff91040000 - 0x00007fff91049000 	C:\Program Files\Java\jdk-24\bin\extnet.dll
0x00007fff8b990000 - 0x00007fff8b99e000 	C:\Program Files\Java\jdk-24\bin\sunmscapi.dll
0x00007fffb4be0000 - 0x00007fffb4d57000 	C:\WINDOWS\System32\CRYPT32.dll
0x00007fffb39d0000 - 0x00007fffb3a00000 	C:\WINDOWS\SYSTEM32\ncrypt.dll
0x00007fffb3980000 - 0x00007fffb39bf000 	C:\WINDOWS\SYSTEM32\NTASN1.dll
0x00007fffad160000 - 0x00007fffad17f000 	C:\WINDOWS\SYSTEM32\dhcpcsvc6.DLL
0x00007fffacbc0000 - 0x00007fffacbe5000 	C:\WINDOWS\SYSTEM32\dhcpcsvc.DLL
0x00007fff9b710000 - 0x00007fff9b718000 	C:\WINDOWS\system32\wshunix.dll

JVMTI agents: none

dbghelp: loaded successfully - version: 4.0.5 - missing functions: none
symbol engine: initialized successfully - sym options: 0x614 - pdb path: .;C:\Program Files\Java\jdk-24\bin;C:\WINDOWS\SYSTEM32;C:\WINDOWS\WinSxS\amd64_microsoft.windows.common-controls_6595b64144ccf1df_6.0.26100.4202_none_3e0698d4e335f517;C:\Program Files\Java\jdk-24\bin\server

VM Arguments:
jvm_args: -Dcom.sun.management.jmxremote -Dcom.sun.management.jmxremote.port=9001 -Dcom.sun.management.jmxremote.authenticate=false -Dcom.sun.management.jmxremote.ssl=false -Djava.rmi.server.hostname=127.0.0.1 
java_command: dev.anhhoang.QTCSDLHD.QtcsdlhdApplication --spring.application.admin.enabled=true --spring.application.admin.jmx-name=org.springframework.boot:type=Admin,name=SpringApplication
java_class_path (initial): C:\Users\phamt\Downloads\QTCSDLHD\DoAn_QTCSDLHD\QTCSDLHD\target\classes;C:\Users\phamt\.m2\repository\org\springframework\boot\spring-boot-devtools\3.5.0\spring-boot-devtools-3.5.0.jar;C:\Users\phamt\.m2\repository\org\springframework\boot\spring-boot\3.5.0\spring-boot-3.5.0.jar;C:\Users\phamt\.m2\repository\org\springframework\spring-context\6.2.7\spring-context-6.2.7.jar;C:\Users\phamt\.m2\repository\org\springframework\boot\spring-boot-autoconfigure\3.5.0\spring-boot-autoconfigure-3.5.0.jar;C:\Users\phamt\.m2\repository\ch\qos\logback\logback-classic\1.5.18\logback-classic-1.5.18.jar;C:\Users\phamt\.m2\repository\ch\qos\logback\logback-core\1.5.18\logback-core-1.5.18.jar;C:\Users\phamt\.m2\repository\org\apache\logging\log4j\log4j-to-slf4j\2.24.3\log4j-to-slf4j-2.24.3.jar;C:\Users\phamt\.m2\repository\org\apache\logging\log4j\log4j-api\2.24.3\log4j-api-2.24.3.jar;C:\Users\phamt\.m2\repository\org\slf4j\jul-to-slf4j\2.0.17\jul-to-slf4j-2.0.17.jar;C:\Users\phamt\.m2\repository\jakarta\annotation\jakarta.annotation-api\2.1.1\jakarta.annotation-api-2.1.1.jar;C:\Users\phamt\.m2\repository\org\yaml\snakeyaml\2.4\snakeyaml-2.4.jar;C:\Users\phamt\.m2\repository\org\mongodb\mongodb-driver-sync\5.4.0\mongodb-driver-sync-5.4.0.jar;C:\Users\phamt\.m2\repository\org\mongodb\bson\5.4.0\bson-5.4.0.jar;C:\Users\phamt\.m2\repository\org\mongodb\mongodb-driver-core\5.4.0\mongodb-driver-core-5.4.0.jar;C:\Users\phamt\.m2\repository\org\mongodb\bson-record-codec\5.4.0\bson-record-codec-5.4.0.jar;C:\Users\phamt\.m2\repository\org\springframework\data\spring-data-mongodb\4.5.0\spring-data-mongodb-4.5.0.jar;C:\Users\phamt\.m2\repository\org\springframework\spring-tx\6.2.7\spring-tx-6.2.7.jar;C:\Users\phamt\.m2\repository\org\springframework\spring-beans\6.2.7\spring-beans-6.2.7.jar;C:\Users\phamt\.m2\repository\org\springframework\spring-expression\6.2.7\spring-expression-6.2.7.jar;C:\Users\phamt\.m2\repository\org\springframework\data\spring-data-commons\3.5.0\spring-data-commons-3.5.0.jar;C:\Users\phamt\.m2\repository\org\slf4j\slf4j-api\2.0.17\slf4j-api-2.0.17.jar;C:\Users\phamt\.m2\repository\com\fasterxml\jackson\datatype\jackson-datatype-jdk8\2.19.0\jackson-datatype-jdk8-2.19.0.jar;C:\Users\phamt\.m2\repository\com\fasterxml\jackson\datatype\jackson-datatype-jsr310\2.19.0\jackson-datatype-jsr310-2.19.0.jar;C:\Users\phamt\.m2\repository\com\fasterxml\jackson\module\jackson-module-parameter-names\2.19.0\jackson-module-parameter-names-2.19.0.jar;C:\Users\phamt\.m2\repository\org\apache\tomcat\embed\tomcat-embed-core\10.1.41\tomcat-embed-core-10.1.41.jar;C:\Users\phamt\.m2\repository\org\apache\tomcat\embed\tomcat-embed-websocket\10.1.41\tomcat-embed-websocket-10.1.41.jar;C:\Users\phamt\.m2\repository\org\springframework\spring-web\6.2.7\spring-web-6.2.7.jar;C:\Users\phamt\.m2\repository\io\micrometer\micrometer-observation\1.15.0\micrometer-observation-1.15.0.jar;C:\Users\phamt\.m2\repository\io\micrometer\micrometer-commons\1.15.0\micrometer-commons-1.15.0.jar;C:\Users\phamt\.m2\repository\org\springframework\spring-webmvc\6.2.7\spring-webmvc-6.2.7.jar;C:\Users\phamt\.m2\repository\org\springframework\spring-core\6.2.7\spring-core-6.2.7.jar;C:\Users\phamt\.m2\repository\org\springframework\spring-jcl\6.2.7\spring-jcl-6.2.7.jar;C:\Users\phamt\.m2\repository\me\paulschwarz\spring-dotenv\4.0.0\spring-dotenv-4.0.0.jar;C:\Users\phamt\.m2\repository\io\github\cdimascio\dotenv-java\3.0.0\dotenv-java-3.0.0.jar;C:\Users\phamt\.m2\repository\org\springframework\spring-aop\6.2.7\spring-aop-6.2.7.jar;C:\Users\phamt\.m2\repository\org\springframework\security\spring-security-config\6.5.0\spring-security-config-6.5.0.jar;C:\Users\phamt\.m2\repository\org\springframework\security\spring-security-core\6.5.0\spring-security-core-6.5.0.jar;C:\Users\phamt\.m2\repository\org\springframework\security\spring-security-crypto\6.5.0\spring-security-crypto-6.5.0.jar;C:\Users\phamt\.m2\repository\org\springframework\security\spring-security-web\6.5.0\spring-security-web-6.5.0.jar;C:\Users\phamt\.m2\repository\io\jsonwebtoken\jjwt-api\0.11.5\jjwt-api-0.11.5.jar;C:\Users\phamt\.m2\repository\io\jsonwebtoken\jjwt-impl\0.11.5\jjwt-impl-0.11.5.jar;C:\Users\phamt\.m2\repository\io\jsonwebtoken\jjwt-jackson\0.11.5\jjwt-jackson-0.11.5.jar;C:\Users\phamt\.m2\repository\com\fasterxml\jackson\core\jackson-databind\2.19.0\jackson-databind-2.19.0.jar;C:\Users\phamt\.m2\repository\com\fasterxml\jackson\core\jackson-annotations\2.19.0\jackson-annotations-2.19.0.jar;C:\Users\phamt\.m2\repository\com\fasterxml\jackson\core\jackson-core\2.19.0\jackson-core-2.19.0.jar;C:\Users\phamt\.m2\repository\org\apache\tomcat\embed\tomcat-embed-el\10.1.41\tomcat-embed-el-10.1.41.jar;C:\Users\phamt\.m2\repository\org\hibernate\validator\hibernate-validator\8.0.2.Final\hibernate-validator-8.0.2.Final.jar;C:\Users\phamt\.m2\repository\jakarta\validation\jakarta.validation-api\3.0.2\jakarta.validation-api-3.0.2.jar;C:\Users\phamt\.m2\repository\org\jboss\logging\jboss-logging\3.6.1.Final\jboss-logging-3.6.1.Final.jar;C:\Users\phamt\.m2\repository\com\fasterxml\classmate\1.7.0\classmate-1.7.0.jar;C:\Users\phamt\.m2\repository\org\springframework\data\spring-data-neo4j\7.5.0\spring-data-neo4j-7.5.0.jar;C:\Users\phamt\.m2\repository\jakarta\transaction\jakarta.transaction-api\2.0.1\jakarta.transaction-api-2.0.1.jar;C:\Users\phamt\.m2\repository\org\apiguardian\apiguardian-api\1.1.1\apiguardian-api-1.1.1.jar;C:\Users\phamt\.m2\repository\org\neo4j\neo4j-cypher-dsl\2024.5.1\neo4j-cypher-dsl-2024.5.1.jar;C:\Users\phamt\.m2\repository\org\neo4j\neo4j-cypher-dsl-schema-name-support\2024.5.1\neo4j-cypher-dsl-schema-name-support-2024.5.1.jar;C:\Users\phamt\.m2\repository\org\neo4j\driver\neo4j-java-driver\5.28.5\neo4j-java-driver-5.28.5.jar;C:\Users\phamt\.m2\repository\org\neo4j\bolt\neo4j-bolt-connection\2.0.0\neo4j-bolt-connection-2.0.0.jar;C:\Users\phamt\.m2\repository\org\neo4j\bolt\neo4j-bolt-connection-netty\2.0.0\neo4j-bolt-connection-netty-2.0.0.jar;C:\Users\phamt\.m2\repository\io\netty\netty-handler\4.1.121.Final\netty-handler-4.1.121.Final.jar;C:\Users\phamt\.m2\repository\io\netty\netty-common\4.1.121.Final\netty-common-4.1.121.Final.jar;C:\Users\phamt\.m2\repository\io\netty\netty-resolver\4.1.121.Final\netty-resolver-4.1.121.Final.jar;C:\Users\phamt\.m2\repository\io\netty\netty-buffer\4.1.121.Final\netty-buffer-4.1.121.Final.jar;C:\Users\phamt\.m2\repository\io\netty\netty-transport\4.1.121.Final\netty-transport-4.1.121.Final.jar;C:\Users\phamt\.m2\repository\io\netty\netty-transport-native-unix-common\4.1.121.Final\netty-transport-native-unix-common-4.1.121.Final.jar;C:\Users\phamt\.m2\repository\io\netty\netty-codec\4.1.121.Final\netty-codec-4.1.121.Final.jar;C:\Users\phamt\.m2\repository\io\netty\netty-tcnative-classes\2.0.70.Final\netty-tcnative-classes-2.0.70.Final.jar;C:\Users\phamt\.m2\repository\org\neo4j\bolt\neo4j-bolt-connection-pooled\2.0.0\neo4j-bolt-connection-pooled-2.0.0.jar;C:\Users\phamt\.m2\repository\org\neo4j\bolt\neo4j-bolt-connection-routed\2.0.0\neo4j-bolt-connection-routed-2.0.0.jar;C:\Users\phamt\.m2\repository\org\reactivestreams\reactive-streams\1.0.4\reactive-streams-1.0.4.jar;C:\Users\phamt\.m2\repository\io\projectreactor\reactor-core\3.7.6\reactor-core-3.7.6.jar
Launcher Type: SUN_STANDARD

[Global flags]
     intx CICompilerCount                          = 4                                         {product} {ergonomic}
     uint ConcGCThreads                            = 2                                         {product} {ergonomic}
     uint G1ConcRefinementThreads                  = 8                                         {product} {ergonomic}
   size_t G1HeapRegionSize                         = 1048576                                   {product} {ergonomic}
   size_t InitialHeapSize                          = 132120576                                 {product} {ergonomic}
     bool ManagementServer                         = true                                      {product} {command line}
   size_t MarkStackSize                            = 4194304                                   {product} {ergonomic}
   size_t MarkStackSizeMax                         = 536870912                                 {product} {ergonomic}
   size_t MaxHeapSize                              = 2090860544                                {product} {ergonomic}
   size_t MaxNewSize                               = 1254096896                                {product} {ergonomic}
   size_t MinHeapDeltaBytes                        = 1048576                                   {product} {ergonomic}
   size_t MinHeapSize                              = 8388608                                   {product} {ergonomic}
    uintx NonNMethodCodeHeapSize                   = 5832704                                {pd product} {ergonomic}
    uintx NonProfiledCodeHeapSize                  = 122945536                              {pd product} {ergonomic}
    uintx ProfiledCodeHeapSize                     = 122880000                              {pd product} {ergonomic}
    uintx ReservedCodeCacheSize                    = 251658240                              {pd product} {ergonomic}
     bool SegmentedCodeCache                       = true                                      {product} {ergonomic}
   size_t SoftMaxHeapSize                          = 2090860544                             {manageable} {ergonomic}
     bool UseCompressedOops                        = true                           {product lp64_product} {ergonomic}
     bool UseG1GC                                  = true                                      {product} {ergonomic}
     bool UseLargePagesIndividualAllocation        = false                                  {pd product} {ergonomic}

Logging:
Log output configuration:
 #0: stdout all=warning uptime,level,tags foldmultilines=false
 #1: stderr all=off uptime,level,tags foldmultilines=false

Environment Variables:
PATH=C:\Program Files\Common Files\Oracle\Java\javapath;C:\Program Files\Microsoft MPI\Bin\;C:\Windows\system32;C:\Windows;C:\Windows\System32\Wbem;C:\Windows\System32\WindowsPowerShell\v1.0\;C:\Windows\System32\OpenSSH\;C:\Program Files (x86)\NVIDIA Corporation\PhysX\Common;C:\Program Files\NVIDIA Corporation\NVIDIA NvDLISR;C:\WINDOWS\system32;C:\WINDOWS;C:\WINDOWS\System32\Wbem;C:\WINDOWS\System32\WindowsPowerShell\v1.0\;C:\WINDOWS\System32\OpenSSH\;C:\Program Files (x86)\Microsoft SQL Server\160\Tools\Binn\;C:\Program Files\Microsoft SQL Server\160\Tools\Binn\;C:\Program Files\Microsoft SQL Server\Client SDK\ODBC\170\Tools\Binn\;C:\Program Files\Microsoft SQL Server\160\DTS\Binn\;C:\Program Files (x86)\Microsoft SQL Server\160\DTS\Binn\;C:\Program Files\Microsoft SQL Server\150\Tools\Binn\;C:\Program Files\nodejs\;C:\Program Files\Microsoft SQL Server\130\DTS\Binn\;C:\Program Files\Microsoft SQL Server\140\DTS\Binn\;C:\Program Files\Microsoft SQL Server\150\DTS\Binn\;C:\Program Files\Git\cmd;C:\Program Files (x86)\Windows Kits\10\Windows Performance Toolkit\;C:\Program Files\MongoDB\Server\8.0\bin;D:\apache-maven-3.9.10\bin;C:\Program Files\Java\jdk-24\bin;C:\Users\phamt\AppData\Local\Microsoft\WindowsApps;C:\Users\phamt\AppData\Local\Programs\Microsoft VS Code\bin;C:\Users\phamt\AppData\Roaming\npm;
USERNAME=phamt
LANG=en_US.UTF-8
OS=Windows_NT
PROCESSOR_IDENTIFIER=Intel64 Family 6 Model 126 Stepping 5, GenuineIntel
TMP=C:\Users\phamt\AppData\Local\Temp
TEMP=C:\Users\phamt\AppData\Local\Temp




Periodic native trim disabled

---------------  S Y S T E M  ---------------

OS:
 Windows 11 , 64 bit Build 26100 (10.0.26100.4202)
OS uptime: 1 days 6:30 hours
Hyper-V role detected

CPU: total 8 (initial active 8) (4 cores per cpu, 2 threads per core) family 6 model 126 stepping 5 microcode 0xa0, cx8, cmov, fxsr, ht, mmx, 3dnowpref, sse, sse2, sse3, ssse3, sse4.1, sse4.2, popcnt, lzcnt, tsc, tscinvbit, avx, avx2, aes, erms, clmul, bmi1, bmi2, adx, avx512f, avx512dq, avx512cd, avx512bw, avx512vl, sha, fma, vzeroupper, avx512_vpopcntdq, avx512_vpclmulqdq, avx512_vaes, avx512_vnni, clflush, clflushopt, avx512_vbmi2, avx512_vbmi, hv, rdtscp, rdpid, fsrm, gfni, avx512_bitalg, f16c, avx512_ifma
Processor Information for the first 8 processors :
  Max Mhz: 1190, Current Mhz: 991, Mhz Limit: 987

Memory: 4k page, system-wide physical 7969M (741M free)
TotalPageFile size 28193M (AvailPageFile size 3M)
current process WorkingSet (physical memory assigned to process): 154M, peak: 266M
current process commit charge ("private bytes"): 263M, peak: 315M

vm_info: Java HotSpot(TM) 64-Bit Server VM (24.0.1+9-30) for windows-amd64 JRE (24.0.1+9-30), built on 2025-03-05T07:23:45Z with MS VC++ 17.6 (VS2022)

END.
